# JRE version: Java(TM) SE Runtime Environment (8.0_31-b13) (build 1.8.0_31-b13)
# Java VM: Java HotSpot(TM) 64-Bit Server VM (25.31-b07 mixed mode windows-amd64 compressed oops)
Heap:
 PSYoungGen      total 256512K, used 182070K [0x00000000d6980000, 0x00000000e7f80000, 0x0000000100000000)
  eden space 242688K, 70% used [0x00000000d6980000,0x00000000e0fa7340,0x00000000e5680000)
  from space 13824K, 86% used [0x00000000e7200000,0x00000000e7da6640,0x00000000e7f80000)
  to   space 20992K, 0% used [0x00000000e5680000,0x00000000e5680000,0x00000000e6b00000)
 ParOldGen       total 151040K, used 47535K [0x0000000083c00000, 0x000000008cf80000, 0x00000000d6980000)
  object space 151040K, 31% used [0x0000000083c00000,0x0000000086a6be38,0x000000008cf80000)
 Metaspace       used 69831K, capacity 72382K, committed 72612K, reserved 1114112K
  class space    used 8356K, capacity 8825K, committed 8908K, reserved 1048576K
GC Heap History (10 events):
Event: 6.950 GC heap before
{Heap before GC invocations=11 (full 2):
 PSYoungGen      total 181760K, used 163328K [0x00000000d6980000, 0x00000000e4d80000, 0x0000000100000000)
  eden space 163328K, 100% used [0x00000000d6980000,0x00000000e0900000,0x00000000e0900000)
  from space 18432K, 0% used [0x00000000e1b00000,0x00000000e1b00000,0x00000000e2d00000)
  to   space 18432K, 0% used [0x00000000e0900000,0x00000000e0900000,0x00000000e1b00000)
 ParOldGen       total 115200K, used 34896K [0x0000000083c00000, 0x000000008ac80000, 0x00000000d6980000)
  object space 115200K, 30% used [0x0000000083c00000,0x0000000085e14030,0x000000008ac80000)
 Metaspace       used 48001K, capacity 49540K, committed 49828K, reserved 1093632K
  class space    used 5998K, capacity 6330K, committed 6348K, reserved 1048576K
Event: 6.962 GC heap after
Heap after GC invocations=11 (full 2):
 PSYoungGen      total 181760K, used 15519K [0x00000000d6980000, 0x00000000e5b00000, 0x0000000100000000)
  eden space 163328K, 0% used [0x00000000d6980000,0x00000000d6980000,0x00000000e0900000)
  from space 18432K, 84% used [0x00000000e0900000,0x00000000e1827c78,0x00000000e1b00000)
  to   space 19968K, 0% used [0x00000000e4780000,0x00000000e4780000,0x00000000e5b00000)
 ParOldGen       total 115200K, used 34968K [0x0000000083c00000, 0x000000008ac80000, 0x00000000d6980000)
  object space 115200K, 30% used [0x0000000083c00000,0x0000000085e26040,0x000000008ac80000)
 Metaspace       used 48001K, capacity 49540K, committed 49828K, reserved 1093632K
  class space    used 5998K, capacity 6330K, committed 6348K, reserved 1048576K
}
Event: 8.604 GC heap before
{Heap before GC invocations=12 (full 2):
 PSYoungGen      total 181760K, used 178825K [0x00000000d6980000, 0x00000000e5b00000, 0x0000000100000000)
  eden space 163328K, 99% used [0x00000000d6980000,0x00000000e08fa9e8,0x00000000e0900000)
  from space 18432K, 84% used [0x00000000e0900000,0x00000000e1827c78,0x00000000e1b00000)
  to   space 19968K, 0% used [0x00000000e4780000,0x00000000e4780000,0x00000000e5b00000)
 ParOldGen       total 115200K, used 34968K [0x0000000083c00000, 0x000000008ac80000, 0x00000000d6980000)
  object space 115200K, 30% used [0x0000000083c00000,0x0000000085e26040,0x000000008ac80000)
 Metaspace       used 56805K, capacity 58604K, committed 58788K, reserved 1101824K
  class space    used 6966K, capacity 7356K, committed 7372K, reserved 1048576K
Event: 8.617 GC heap after
Heap after GC invocations=12 (full 2):
 PSYoungGen      total 219136K, used 16555K [0x00000000d6980000, 0x00000000e5880000, 0x0000000100000000)
  eden space 201728K, 0% used [0x00000000d6980000,0x00000000d6980000,0x00000000e2e80000)
  from space 17408K, 95% used [0x00000000e4780000,0x00000000e57aaf18,0x00000000e5880000)
  to   space 21504K, 0% used [0x00000000e2e80000,0x00000000e2e80000,0x00000000e4380000)
 ParOldGen       total 115200K, used 34976K [0x0000000083c00000, 0x000000008ac80000, 0x00000000d6980000)
  object space 115200K, 30% used [0x0000000083c00000,0x0000000085e28040,0x000000008ac80000)
 Metaspace       used 56805K, capacity 58604K, committed 58788K, reserved 1101824K
  class space    used 6966K, capacity 7356K, committed 7372K, reserved 1048576K
}
Event: 8.967 GC heap before
{Heap before GC invocations=13 (full 2):
 PSYoungGen      total 219136K, used 70297K [0x00000000d6980000, 0x00000000e5880000, 0x0000000100000000)
  eden space 201728K, 26% used [0x00000000d6980000,0x00000000d9dfb780,0x00000000e2e80000)
  from space 17408K, 95% used [0x00000000e4780000,0x00000000e57aaf18,0x00000000e5880000)
  to   space 21504K, 0% used [0x00000000e2e80000,0x00000000e2e80000,0x00000000e4380000)
 ParOldGen       total 115200K, used 34976K [0x0000000083c00000, 0x000000008ac80000, 0x00000000d6980000)
  object space 115200K, 30% used [0x0000000083c00000,0x0000000085e28040,0x000000008ac80000)
 Metaspace       used 57700K, capacity 59494K, committed 59580K, reserved 1101824K
  class space    used 7049K, capacity 7431K, committed 7500K, reserved 1048576K
Event: 8.981 GC heap after
Heap after GC invocations=13 (full 2):
 PSYoungGen      total 223232K, used 13488K [0x00000000d6980000, 0x00000000e8700000, 0x0000000100000000)
  eden space 201728K, 0% used [0x00000000d6980000,0x00000000d6980000,0x00000000e2e80000)
  from space 21504K, 62% used [0x00000000e2e80000,0x00000000e3bac060,0x00000000e4380000)
  to   space 21504K, 0% used [0x00000000e7200000,0x00000000e7200000,0x00000000e8700000)
 ParOldGen       total 115200K, used 34984K [0x0000000083c00000, 0x000000008ac80000, 0x00000000d6980000)
  object space 115200K, 30% used [0x0000000083c00000,0x0000000085e2a040,0x000000008ac80000)
 Metaspace       used 57700K, capacity 59494K, committed 59580K, reserved 1101824K
  class space    used 7049K, capacity 7431K, committed 7500K, reserved 1048576K
}
Event: 8.981 GC heap before
{Heap before GC invocations=14 (full 3):
 PSYoungGen      total 223232K, used 13488K [0x00000000d6980000, 0x00000000e8700000, 0x0000000100000000)
  eden space 201728K, 0% used [0x00000000d6980000,0x00000000d6980000,0x00000000e2e80000)
  from space 21504K, 62% used [0x00000000e2e80000,0x00000000e3bac060,0x00000000e4380000)
  to   space 21504K, 0% used [0x00000000e7200000,0x00000000e7200000,0x00000000e8700000)
 ParOldGen       total 115200K, used 34984K [0x0000000083c00000, 0x000000008ac80000, 0x00000000d6980000)
  object space 115200K, 30% used [0x0000000083c00000,0x0000000085e2a040,0x000000008ac80000)
 Metaspace       used 57700K, capacity 59494K, committed 59580K, reserved 1101824K
  class space    used 7049K, capacity 7431K, committed 7500K, reserved 1048576K
Event: 9.214 GC heap after
Heap after GC invocations=14 (full 3):
 PSYoungGen      total 223232K, used 0K [0x00000000d6980000, 0x00000000e8700000, 0x0000000100000000)
  eden space 201728K, 0% used [0x00000000d6980000,0x00000000d6980000,0x00000000e2e80000)
  from space 21504K, 0% used [0x00000000e2e80000,0x00000000e2e80000,0x00000000e4380000)
  to   space 21504K, 0% used [0x00000000e7200000,0x00000000e7200000,0x00000000e8700000)
 ParOldGen       total 151040K, used 47527K [0x0000000083c00000, 0x000000008cf80000, 0x00000000d6980000)
  object space 151040K, 31% used [0x0000000083c00000,0x0000000086a69e38,0x000000008cf80000)
 Metaspace       used 57700K, capacity 59494K, committed 59580K, reserved 1101824K
  class space    used 7049K, capacity 7431K, committed 7500K, reserved 1048576K
}
Event: 11.183 GC heap before
{Heap before GC invocations=15 (full 3):
 PSYoungGen      total 223232K, used 201728K [0x00000000d6980000, 0x00000000e8700000, 0x0000000100000000)
  eden space 201728K, 100% used [0x00000000d6980000,0x00000000e2e80000,0x00000000e2e80000)
  from space 21504K, 0% used [0x00000000e2e80000,0x00000000e2e80000,0x00000000e4380000)
  to   space 21504K, 0% used [0x00000000e7200000,0x00000000e7200000,0x00000000e8700000)
 ParOldGen       total 151040K, used 47527K [0x0000000083c00000, 0x000000008cf80000, 0x00000000d6980000)
  object space 151040K, 31% used [0x0000000083c00000,0x0000000086a69e38,0x000000008cf80000)
 Metaspace       used 65241K, capacity 67572K, committed 67620K, reserved 1107968K
  class space    used 7806K, capacity 8234K, committed 8268K, reserved 1048576K
Event: 11.199 GC heap after
Heap after GC invocations=15 (full 3):
 PSYoungGen      total 256512K, used 11929K [0x00000000d6980000, 0x00000000e7f80000, 0x0000000100000000)
  eden space 242688K, 0% used [0x00000000d6980000,0x00000000d6980000,0x00000000e5680000)
  from space 13824K, 86% used [0x00000000e7200000,0x00000000e7da6640,0x00000000e7f80000)
  to   space 20992K, 0% used [0x00000000e5680000,0x00000000e5680000,0x00000000e6b00000)
 ParOldGen       total 151040K, used 47535K [0x0000000083c00000, 0x000000008cf80000, 0x00000000d6980000)
  object space 151040K, 31% used [0x0000000083c00000,0x0000000086a6be38,0x000000008cf80000)
 Metaspace       used 65241K, capacity 67572K, committed 67620K, reserved 1107968K
  class space    used 7806K, capacity 8234K, committed 8268K, reserved 1048576K
}

